#
# There is insufficient memory for the Java Runtime Environment to continue.
# Native memory allocation (malloc) failed to allocate 32744 bytes for ChunkPool::allocate
# Possible reasons:
#   The system is out of physical RAM or swap space
#   In 32 bit mode, the process size limit was hit
# Possible solutions:
#   Reduce memory load on the system
#   Increase physical memory or swap space
#   Check if swap backing store is full
#   Use 64 bit Java on a 64 bit OS
#   Decrease Java heap size (-Xmx/-Xms)
#   Decrease number of Java threads
#   Decrease Java thread stack sizes (-Xss)
#   Set larger code cache with -XX:ReservedCodeCacheSize=
# This output file may be truncated or incomplete.
#
#  Out of Memory Error (allocation.cpp:273), pid=19408, tid=0x00000000000043ac
#
# JRE version: Java(TM) SE Runtime Environment (8.0_101-b13) (build 1.8.0_101-b13)
# Java VM: Java HotSpot(TM) 64-Bit Server VM (25.101-b13 mixed mode windows-amd64 compressed oops)
# Failed to write core dump. Minidumps are not enabled by default on client versions of Windows
#

---------------  T H R E A D  ---------------

Current thread (0x00000000196dd800):  JavaThread "C2 CompilerThread1" daemon [_thread_in_native, id=17324, stack(0x0000000019fc0000,0x000000001a0c0000)]

Stack: [0x0000000019fc0000,0x000000001a0c0000]
[error occurred during error reporting (printing stack bounds), id 0xc0000005]

Native frames: (J=compiled Java code, j=interpreted, Vv=VM code, C=native code)


Current CompileTask:
C2:   3513 1944       4       com.sun.javafx.geom.AreaOp::resolveLinks (520 bytes)


---------------  P R O C E S S  ---------------

Java Threads: ( => current thread )
  0x000000001a8f8800 JavaThread "Image Fetcher 1" daemon [_thread_blocked, id=3096, stack(0x0000000022440000,0x0000000022540000)]
  0x000000001a8d6000 JavaThread "Image Fetcher 0" daemon [_thread_blocked, id=19916, stack(0x0000000022340000,0x0000000022440000)]
  0x000000001a87f000 JavaThread "Prism Font Disposer" daemon [_thread_blocked, id=15548, stack(0x0000000022040000,0x0000000022140000)]
  0x000000001a798000 JavaThread "Thread-4" daemon [_thread_in_native, id=20316, stack(0x0000000020900000,0x0000000020a00000)]
  0x000000001a780800 JavaThread "JavaFX Application Thread" [_thread_in_native, id=22408, stack(0x000000001be70000,0x000000001bf70000)]
  0x000000001a762800 JavaThread "Thread-2" daemon [_thread_blocked, id=14112, stack(0x000000001bd70000,0x000000001be70000)]
  0x000000001a731800 JavaThread "QuantumRenderer-0" daemon [_thread_in_Java, id=18420, stack(0x000000001bb70000,0x000000001bc70000)]
  0x0000000002760800 JavaThread "DestroyJavaVM" [_thread_blocked, id=12628, stack(0x0000000002590000,0x0000000002690000)]
  0x000000001a6a0800 JavaThread "AWT-EventQueue-0" [_thread_in_native, id=16068, stack(0x000000001b280000,0x000000001b380000)]
  0x000000001a69f000 JavaThread "AWT-Windows" daemon [_thread_in_native, id=8920, stack(0x000000001b020000,0x000000001b120000)]
  0x000000001a69c000 JavaThread "AWT-Shutdown" [_thread_blocked, id=19684, stack(0x000000001af20000,0x000000001b020000)]
  0x000000001a699000 JavaThread "Java2D Disposer" daemon [_thread_blocked, id=17896, stack(0x000000001ae20000,0x000000001af20000)]
  0x0000000019768000 JavaThread "Service Thread" daemon [_thread_blocked, id=11760, stack(0x000000001a2c0000,0x000000001a3c0000)]
  0x00000000196ea000 JavaThread "C1 CompilerThread3" daemon [_thread_in_native, id=19084, stack(0x000000001a1c0000,0x000000001a2c0000)]
  0x00000000196e0800 JavaThread "C2 CompilerThread2" daemon [_thread_in_native, id=19944, stack(0x000000001a0c0000,0x000000001a1c0000)]
=>0x00000000196dd800 JavaThread "C2 CompilerThread1" daemon [_thread_in_native, id=17324, stack(0x0000000019fc0000,0x000000001a0c0000)]
  0x00000000196db800 JavaThread "C2 CompilerThread0" daemon [_thread_blocked, id=8768, stack(0x0000000019ec0000,0x0000000019fc0000)]
  0x00000000196d6000 JavaThread "Attach Listener" daemon [_thread_blocked, id=18404, stack(0x0000000019dc0000,0x0000000019ec0000)]
  0x000000000285e800 JavaThread "Signal Dispatcher" daemon [_thread_blocked, id=624, stack(0x0000000019cc0000,0x0000000019dc0000)]
  0x0000000002858800 JavaThread "Finalizer" daemon [_thread_blocked, id=7472, stack(0x0000000019ab0000,0x0000000019bb0000)]
  0x000000001779d000 JavaThread "Reference Handler" daemon [_thread_blocked, id=15624, stack(0x00000000195b0000,0x00000000196b0000)]

Other Threads:
  0x0000000017798800 VMThread [stack: 0x00000000194b0000,0x00000000195b0000] [id=9772]
  0x0000000019794000 WatcherThread [stack: 0x000000001a3c0000,0x000000001a4c0000] [id=11660]

VM state:not at safepoint (normal execution)

VM Mutex/Monitor currently owned by a thread: None

Heap:
 PSYoungGen      total 37888K, used 36121K [0x00000000d6000000, 0x00000000d8a00000, 0x0000000100000000)
  eden space 32768K, 94% used [0x00000000d6000000,0x00000000d7e466d8,0x00000000d8000000)
  from space 5120K, 99% used [0x00000000d8500000,0x00000000d89fff00,0x00000000d8a00000)
  to   space 5120K, 0% used [0x00000000d8000000,0x00000000d8000000,0x00000000d8500000)
 ParOldGen       total 86016K, used 40290K [0x0000000082000000, 0x0000000087400000, 0x00000000d6000000)
  object space 86016K, 46% used [0x0000000082000000,0x0000000084758a80,0x0000000087400000)
 Metaspace       used 17263K, capacity 17756K, committed 17920K, reserved 1064960K
  class space    used 2315K, capacity 2471K, committed 2560K, reserved 1048576K

Card table byte_map: [0x0000000011c20000,0x0000000012020000] byte_map_base: 0x0000000011810000

Marking Bits: (ParMarkBitMap*) 0x000000005b1aa6d0
 Begin Bits: [0x0000000012ac0000, 0x0000000014a40000)
 End Bits:   [0x0000000014a40000, 0x00000000169c0000)

Polling page: 0x0000000002470000

CodeCache: size=245760Kb used=5929Kb max_used=5929Kb free=239830Kb
 bounds [0x0000000002860000, 0x0000000002e30000, 0x0000000011860000]
 total_blobs=2690 nmethods=1966 adapters=635
 compilation: enabled

Compilation events (10 events):
Event: 3.506 Thread 0x00000000196ea000 1964       3       com.sun.javafx.sg.prism.NGNode::markTreeDirty (162 bytes)
Event: 3.507 Thread 0x00000000196ea000 nmethod 1964 0x0000000002e28f90 code [0x0000000002e29160, 0x0000000002e29ad8]
Event: 3.507 Thread 0x00000000196ea000 1963       3       javafx.scene.layout.Background::isEmpty (30 bytes)
Event: 3.507 Thread 0x00000000196ea000 nmethod 1963 0x0000000002e29d50 code [0x0000000002e29ee0, 0x0000000002e2a258]
Event: 3.507 Thread 0x00000000196ea000 1965       3       java.awt.EventQueue::coalesceEvent (86 bytes)
Event: 3.508 Thread 0x00000000196ea000 nmethod 1965 0x0000000002e2a350 code [0x0000000002e2a540, 0x0000000002e2b258]
Event: 3.508 Thread 0x00000000196ea000 1966       3       java.awt.EventQueue::cacheEQItem (60 bytes)
Event: 3.508 Thread 0x00000000196ea000 nmethod 1966 0x0000000002e2b450 code [0x0000000002e2b5e0, 0x0000000002e2bd48]
Event: 3.508 Thread 0x00000000196ea000 1967       1       javafx.scene.layout.CornerRadii::isUniform (5 bytes)
Event: 3.508 Thread 0x00000000196ea000 nmethod 1967 0x0000000002e2bf50 code [0x0000000002e2c0a0, 0x0000000002e2c1b0]

GC Heap History (4 events):
Event: 2.938 GC heap before
{Heap before GC invocations=1 (full 0):
 PSYoungGen      total 37888K, used 32698K [0x00000000d6000000, 0x00000000d8a00000, 0x0000000100000000)
  eden space 32768K, 99% used [0x00000000d6000000,0x00000000d7feea58,0x00000000d8000000)
  from space 5120K, 0% used [0x00000000d8500000,0x00000000d8500000,0x00000000d8a00000)
  to   space 5120K, 0% used [0x00000000d8000000,0x00000000d8000000,0x00000000d8500000)
 ParOldGen       total 86016K, used 0K [0x0000000082000000, 0x0000000087400000, 0x00000000d6000000)
  object space 86016K, 0% used [0x0000000082000000,0x0000000082000000,0x0000000087400000)
 Metaspace       used 16750K, capacity 17290K, committed 17408K, reserved 1064960K
  class space    used 2313K, capacity 2470K, committed 2560K, reserved 1048576K
Event: 2.944 GC heap after
Heap after GC invocations=1 (full 0):
 PSYoungGen      total 37888K, used 5102K [0x00000000d6000000, 0x00000000d8a00000, 0x0000000100000000)
  eden space 32768K, 0% used [0x00000000d6000000,0x00000000d6000000,0x00000000d8000000)
  from space 5120K, 99% used [0x00000000d8000000,0x00000000d84fba40,0x00000000d8500000)
  to   space 5120K, 0% used [0x00000000d8500000,0x00000000d8500000,0x00000000d8a00000)
 ParOldGen       total 86016K, used 4961K [0x0000000082000000, 0x0000000087400000, 0x00000000d6000000)
  object space 86016K, 5% used [0x0000000082000000,0x00000000824d85a0,0x0000000087400000)
 Metaspace       used 16750K, capacity 17290K, committed 17408K, reserved 1064960K
  class space    used 2313K, capacity 2470K, committed 2560K, reserved 1048576K
}
Event: 3.273 GC heap before
{Heap before GC invocations=2 (full 0):
 PSYoungGen      total 37888K, used 35775K [0x00000000d6000000, 0x00000000d8a00000, 0x0000000100000000)
  eden space 32768K, 93% used [0x00000000d6000000,0x00000000d7df42c0,0x00000000d8000000)
  from space 5120K, 99% used [0x00000000d8000000,0x00000000d84fba40,0x00000000d8500000)
  to   space 5120K, 0% used [0x00000000d8500000,0x00000000d8500000,0x00000000d8a00000)
 ParOldGen       total 86016K, used 7064K [0x0000000082000000, 0x0000000087400000, 0x00000000d6000000)
  object space 86016K, 8% used [0x0000000082000000,0x00000000826e6308,0x0000000087400000)
 Metaspace       used 17126K, capacity 17692K, committed 17920K, reserved 1064960K
  class space    used 2314K, capacity 2471K, committed 2560K, reserved 1048576K
Event: 3.277 GC heap after
Heap after GC invocations=2 (full 0):
 PSYoungGen      total 37888K, used 5119K [0x00000000d6000000, 0x00000000d8a00000, 0x0000000100000000)
  eden space 32768K, 0% used [0x00000000d6000000,0x00000000d6000000,0x00000000d8000000)
  from space 5120K, 99% used [0x00000000d8500000,0x00000000d89fff00,0x00000000d8a00000)
  to   space 5120K, 0% used [0x00000000d8000000,0x00000000d8000000,0x00000000d8500000)
 ParOldGen       total 86016K, used 14427K [0x0000000082000000, 0x0000000087400000, 0x00000000d6000000)
  object space 86016K, 16% used [0x0000000082000000,0x0000000082e16de0,0x0000000087400000)
 Metaspace       used 17126K, capacity 17692K, committed 17920K, reserved 1064960K
  class space    used 2314K, capacity 2471K, committed 2560K, reserved 1048576K
}

Deoptimization events (10 events):
Event: 0.657 Thread 0x000000001a780800 Uncommon trap: reason=class_check action=maybe_recompile pc=0x0000000002ab9920 method=java.io.DataInputStream.readShort()S @ 4
Event: 0.657 Thread 0x000000001a780800 Uncommon trap: reason=class_check action=maybe_recompile pc=0x0000000002ab9920 method=java.io.DataInputStream.readShort()S @ 4
Event: 0.664 Thread 0x000000001a780800 Uncommon trap: reason=class_check action=maybe_recompile pc=0x000000000297d0b0 method=java.lang.String.equals(Ljava/lang/Object;)Z @ 8
Event: 0.664 Thread 0x000000001a780800 Uncommon trap: reason=class_check action=maybe_recompile pc=0x000000000297d0b0 method=java.lang.String.equals(Ljava/lang/Object;)Z @ 8
Event: 0.664 Thread 0x000000001a780800 Uncommon trap: reason=class_check action=maybe_recompile pc=0x000000000297d0b0 method=java.lang.String.equals(Ljava/lang/Object;)Z @ 8
Event: 0.666 Thread 0x000000001a780800 Uncommon trap: reason=class_check action=maybe_recompile pc=0x000000000297d0b0 method=java.lang.String.equals(Ljava/lang/Object;)Z @ 8
Event: 0.716 Thread 0x000000001a780800 Uncommon trap: reason=unstable_if action=reinterpret pc=0x0000000002b30bb8 method=sun.net.www.ParseUtil.encodePath(Ljava/lang/String;Z)Ljava/lang/String; @ 109
Event: 2.979 Thread 0x000000001a731800 Uncommon trap: reason=class_check action=maybe_recompile pc=0x0000000002c7a388 method=com.sun.javafx.geom.Curve.findIntersect(Lcom/sun/javafx/geom/Curve;[DDIIDDDDDDDDDDDD)Z @ 646
Event: 2.979 Thread 0x000000001a731800 Uncommon trap: reason=unstable_if action=reinterpret pc=0x0000000002c7a258 method=com.sun.javafx.geom.Curve.findIntersect(Lcom/sun/javafx/geom/Curve;[DDIIDDDDDDDDDDDD)Z @ 944
Event: 3.236 Thread 0x000000001a731800 Uncommon trap: reason=speculate_class_check action=maybe_recompile pc=0x0000000002da875c method=com.sun.javafx.geom.Curve.refineTforY(DD)D @ 34

Internal exceptions (10 events):
Event: 0.111 Thread 0x0000000002760800 Exception <a 'java/security/PrivilegedActionException'> (0x00000000d61b7350) thrown at [C:\re\workspace\8-2-build-windows-amd64-cygwin\jdk8u101\7261\hotspot\src\share\vm\prims\jvm.cpp, line 1386]
Event: 0.111 Thread 0x0000000002760800 Exception <a 'java/security/PrivilegedActionException'> (0x00000000d61b7560) thrown at [C:\re\workspace\8-2-build-windows-amd64-cygwin\jdk8u101\7261\hotspot\src\share\vm\prims\jvm.cpp, line 1386]
Event: 0.138 Thread 0x0000000002760800 Exception <a 'java/io/FileNotFoundException'> (0x00000000d61ba1c0) thrown at [C:\re\workspace\8-2-build-windows-amd64-cygwin\jdk8u101\7261\hotspot\src\share\vm\prims\jni.cpp, line 709]
Event: 0.168 Thread 0x0000000002760800 Exception <a 'java/lang/NoSuchFieldError': method resolution failed> (0x00000000d6287808) thrown at [C:\re\workspace\8-2-build-windows-amd64-cygwin\jdk8u101\7261\hotspot\src\share\vm\prims\methodHandles.cpp, line 1146]
Event: 0.169 Thread 0x0000000002760800 Exception <a 'java/lang/NoSuchFieldError': method resolution failed> (0x00000000d6294be8) thrown at [C:\re\workspace\8-2-build-windows-amd64-cygwin\jdk8u101\7261\hotspot\src\share\vm\prims\methodHandles.cpp, line 1146]
Event: 0.222 Thread 0x000000001a6a0800 Exception <a 'java/io/FileNotFoundException'> (0x00000000d63e9d78) thrown at [C:\re\workspace\8-2-build-windows-amd64-cygwin\jdk8u101\7261\hotspot\src\share\vm\prims\jni.cpp, line 709]
Event: 0.424 Thread 0x000000001a6a0800 Exception <a 'java/lang/NullPointerException'> (0x00000000d6aed590) thrown at [C:\re\workspace\8-2-build-windows-amd64-cygwin\jdk8u101\7261\hotspot\src\share\vm\interpreter\linkResolver.cpp, line 1178]
Event: 0.478 Thread 0x000000001a780800 Exception <a 'java/lang/NullPointerException'> (0x00000000d6d65550) thrown at [C:\re\workspace\8-2-build-windows-amd64-cygwin\jdk8u101\7261\hotspot\src\share\vm\interpreter\linkResolver.cpp, line 1178]
Event: 0.478 Thread 0x000000001a780800 Exception <a 'java/lang/NullPointerException'> (0x00000000d6d65550) thrown at [C:\re\workspace\8-2-build-windows-amd64-cygwin\jdk8u101\7261\hotspot\src\share\vm\prims\jvm.cpp, line 1390]
Event: 3.483 Thread 0x000000001a731800 Exception <a 'java/lang/OutOfMemoryError'> (0x00000000d7e13828) thrown at [C:\re\workspace\8-2-build-windows-amd64-cygwin\jdk8u101\7261\hotspot\src\share\vm\prims\unsafe.cpp, line 634]

Events (10 events):
Event: 3.271 Executing VM operation: ForceSafepoint
Event: 3.271 Executing VM operation: ForceSafepoint done
Event: 3.272 Executing VM operation: ParallelGCFailedAllocation
Event: 3.272 Executing VM operation: ParallelGCFailedAllocation done
Event: 3.272 Executing VM operation: ParallelGCSystemGC
Event: 3.277 Executing VM operation: ParallelGCSystemGC done
Event: 3.483 loading class java/lang/Throwable$WrappedPrintStream
Event: 3.483 loading class java/lang/Throwable$PrintStreamOrWriter
Event: 3.483 loading class java/lang/Throwable$PrintStreamOrWriter done
Event: 3.483 loading class java/lang/Throwable$WrappedPrintStream done


Dynamic libraries:
0x00007ff6d0fc0000 - 0x00007ff6d0ff7000 	C:\Program Files\Java\jre1.8.0_101\bin\javaw.exe
0x00007ffdd6750000 - 0x00007ffdd6921000 	C:\WINDOWS\SYSTEM32\ntdll.dll
0x00007ffdd3d50000 - 0x00007ffdd3dfc000 	C:\WINDOWS\System32\KERNEL32.DLL
0x00007ffdd3030000 - 0x00007ffdd324d000 	C:\WINDOWS\System32\KERNELBASE.dll
0x00007ffdd6290000 - 0x00007ffdd6332000 	C:\WINDOWS\System32\ADVAPI32.dll
0x00007ffdd6650000 - 0x00007ffdd66ee000 	C:\WINDOWS\System32\msvcrt.dll
0x00007ffdd66f0000 - 0x00007ffdd6749000 	C:\WINDOWS\System32\sechost.dll
0x00007ffdd46e0000 - 0x00007ffdd4801000 	C:\WINDOWS\System32\RPCRT4.dll
0x00007ffdd4570000 - 0x00007ffdd46d5000 	C:\WINDOWS\System32\USER32.dll
0x00007ffdd2d40000 - 0x00007ffdd2d5e000 	C:\WINDOWS\System32\win32u.dll
0x00007ffdd3e60000 - 0x00007ffdd3e94000 	C:\WINDOWS\System32\GDI32.dll
0x00007ffdd3980000 - 0x00007ffdd3b02000 	C:\WINDOWS\System32\gdi32full.dll
0x00007ffdca140000 - 0x00007ffdca3ba000 	C:\WINDOWS\WinSxS\amd64_microsoft.windows.common-controls_6595b64144ccf1df_6.0.14393.953_none_42151e83c686086b\COMCTL32.dll
0x00007ffdd6340000 - 0x00007ffdd6608000 	C:\WINDOWS\System32\combase.dll
0x00007ffdd2c40000 - 0x00007ffdd2d35000 	C:\WINDOWS\System32\ucrtbase.dll
0x00007ffdd2d60000 - 0x00007ffdd2dca000 	C:\WINDOWS\System32\bcryptPrimitives.dll
0x00007ffdd6620000 - 0x00007ffdd664e000 	C:\WINDOWS\System32\IMM32.DLL
0x000000005bd00000 - 0x000000005bdd2000 	C:\Program Files\Java\jre1.8.0_101\bin\msvcr100.dll
0x000000005a990000 - 0x000000005b22a000 	C:\Program Files\Java\jre1.8.0_101\bin\server\jvm.dll
0x00007ffdd6610000 - 0x00007ffdd6618000 	C:\WINDOWS\System32\PSAPI.DLL
0x00007ffdce920000 - 0x00007ffdce92a000 	C:\WINDOWS\SYSTEM32\VERSION.dll
0x00007ffdcf980000 - 0x00007ffdcf989000 	C:\WINDOWS\SYSTEM32\WSOCK32.dll
0x00007ffdd09f0000 - 0x00007ffdd0a13000 	C:\WINDOWS\SYSTEM32\WINMM.dll
0x00007ffdd6220000 - 0x00007ffdd628a000 	C:\WINDOWS\System32\WS2_32.dll
0x00000000024a0000 - 0x00000000024cb000 	C:\WINDOWS\SYSTEM32\WINMMBASE.dll
0x00007ffdd3930000 - 0x00007ffdd3972000 	C:\WINDOWS\System32\cfgmgr32.dll
0x000000005be00000 - 0x000000005be0f000 	C:\Program Files\Java\jre1.8.0_101\bin\verify.dll
0x000000005bcd0000 - 0x000000005bcf9000 	C:\Program Files\Java\jre1.8.0_101\bin\java.dll
0x000000005bcb0000 - 0x000000005bcc6000 	C:\Program Files\Java\jre1.8.0_101\bin\zip.dll
0x00007ffdd4cb0000 - 0x00007ffdd61b8000 	C:\WINDOWS\System32\SHELL32.dll
0x00007ffdd3250000 - 0x00007ffdd392a000 	C:\WINDOWS\System32\windows.storage.dll
0x00007ffdd2be0000 - 0x00007ffdd2c2c000 	C:\WINDOWS\System32\powrprof.dll
0x00007ffdd3e00000 - 0x00007ffdd3e52000 	C:\WINDOWS\System32\shlwapi.dll
0x00007ffdd2bd0000 - 0x00007ffdd2bdf000 	C:\WINDOWS\System32\kernel.appcore.dll
0x00007ffdd2f20000 - 0x00007ffdd2fc9000 	C:\WINDOWS\System32\shcore.dll
0x00007ffdd2bb0000 - 0x00007ffdd2bc4000 	C:\WINDOWS\System32\profapi.dll
0x000000005a7f0000 - 0x000000005a988000 	C:\Program Files\Java\jre1.8.0_101\bin\awt.dll
0x00007ffdd4ae0000 - 0x00007ffdd4b9f000 	C:\WINDOWS\System32\OLEAUT32.dll
0x00007ffdd2dd0000 - 0x00007ffdd2e6c000 	C:\WINDOWS\System32\msvcp_win.dll
0x00007ffdd1150000 - 0x00007ffdd11ca000 	C:\WINDOWS\SYSTEM32\apphelp.dll
0x00007ffdd1330000 - 0x00007ffdd13c5000 	C:\WINDOWS\system32\uxtheme.dll
0x00007ffdd3ea0000 - 0x00007ffdd3ffa000 	C:\WINDOWS\System32\MSCTF.dll
0x00007ffdad710000 - 0x00007ffdad758000 	C:\Program Files (x86)\TeamViewer\tv_x64.dll
0x00007ffdd4430000 - 0x00007ffdd4568000 	C:\WINDOWS\System32\ole32.dll
0x00007ffdd06e0000 - 0x00007ffdd0706000 	C:\WINDOWS\system32\dwmapi.dll
0x00007ffdba700000 - 0x00007ffdba7ef000 	C:\Program Files\Java\jre1.8.0_101\bin\msvcr120.dll
0x00007ffdc4440000 - 0x00007ffdc44e6000 	C:\Program Files\Java\jre1.8.0_101\bin\msvcp120.dll
0x000000005bc80000 - 0x000000005bca2000 	C:\Program Files\Java\jre1.8.0_101\bin\prism_d3d.dll
0x00007ffdc36e0000 - 0x00007ffdc386d000 	C:\WINDOWS\system32\d3d9.dll
0x00007ffd80790000 - 0x00007ffd85f74000 	C:\WINDOWS\System32\DriverStore\FileRepository\igdlh64.inf_amd64_463164d40c3d26ce\igdumdim64.dll
0x00007ffdd4000000 - 0x00007ffdd4429000 	C:\WINDOWS\System32\SETUPAPI.dll
0x000000005bc30000 - 0x000000005bc73000 	C:\Program Files\Java\jre1.8.0_101\bin\glass.dll
0x00007ffdd4bb0000 - 0x00007ffdd4caa000 	C:\WINDOWS\System32\COMDLG32.dll
0x00007ffdcbb50000 - 0x00007ffdcccad000 	C:\WINDOWS\System32\DriverStore\FileRepository\igdlh64.inf_amd64_463164d40c3d26ce\igc64.dll
0x000000005a7a0000 - 0x000000005a7e7000 	C:\Program Files\Java\jre1.8.0_101\bin\fontmanager.dll
0x000000005bde0000 - 0x000000005bdf4000 	C:\Program Files\Java\jre1.8.0_101\bin\javafx_font.dll
0x00007ffdc5fa0000 - 0x00007ffdc6209000 	C:\WINDOWS\SYSTEM32\dwrite.dll
0x00007ffdd4870000 - 0x00007ffdd490f000 	C:\WINDOWS\System32\clbcatq.dll
0x00007ffdcfbc0000 - 0x00007ffdcfd68000 	C:\WINDOWS\SYSTEM32\WindowsCodecs.dll
0x00007ffdbdc30000 - 0x00007ffdbdc79000 	C:\WINDOWS\system32\dataexchange.dll
0x00007ffdd0030000 - 0x00007ffdd02e6000 	C:\WINDOWS\system32\d3d11.dll
0x00007ffdd0ae0000 - 0x00007ffdd0c31000 	C:\WINDOWS\system32\dcomp.dll
0x00007ffdd1b30000 - 0x00007ffdd1bcf000 	C:\WINDOWS\system32\dxgi.dll
0x00007ffdd1560000 - 0x00007ffdd167c000 	C:\WINDOWS\system32\twinapi.appcore.dll
0x00007ffdd2af0000 - 0x00007ffdd2b1b000 	C:\WINDOWS\system32\bcrypt.dll
0x000000005bc00000 - 0x000000005bc11000 	C:\Program Files\Java\jre1.8.0_101\bin\prism_common.dll

VM Arguments:
jvm_args: -Dfile.encoding=Cp1252 
java_command: api.TestGraph
java_class_path (initial): C:\Users\Julien\git\mySportsBets_Java\mySportsBets_TP\bin;C:\Users\Julien\Desktop\Logiciel Développement\MYSQL Connector Java\mysql-connector-java-5.1.34\mysql-connector-java-5.1.34-bin.jar
Launcher Type: SUN_STANDARD

Environment Variables:
PATH=D:/Program/JavaSE/bin/server;D:/Program/JavaSE/bin;D:/Program/JavaSE/lib/amd64;C:\ProgramData\Oracle\Java\javapath;C:\Program Files (x86)\Intel\iCLS Client\;C:\Program Files\Intel\iCLS Client\;C:\Windows\system32;C:\Windows;C:\Windows\System32\Wbem;C:\Windows\System32\WindowsPowerShell\v1.0\;C:\Program Files (x86)\Intel\Intel(R) Management Engine Components\DAL;C:\Program Files\Intel\Intel(R) Management Engine Components\DAL;C:\Program Files (x86)\Intel\Intel(R) Management Engine Components\IPT;C:\Program Files\Intel\Intel(R) Management Engine Components\IPT;C:\Program Files (x86)\NVIDIA Corporation\PhysX\Common;C:\WINDOWS\system32;C:\WINDOWS;C:\WINDOWS\System32\Wbem;C:\WINDOWS\System32\WindowsPowerShell\v1.0\;C:\Program Files\nodejs\;C:\Program Files\Intel\WiFi\bin\;C:\Program Files\Common Files\Intel\WirelessCommon\;C:\Users\Julien\AppData\Local\Microsoft\WindowsApps;C:\Users\Julien\AppData\Roaming\npm;C:\wamp64\bin\php\php5.6.25;C:\Users\Julien\Desktop\Logiciel Développement;
USERNAME=Julien
OS=Windows_NT
PROCESSOR_IDENTIFIER=Intel64 Family 6 Model 94 Stepping 3, GenuineIntel



---------------  S Y S T E M  ---------------

OS: Windows 10.0 , 64 bit Build 14393 (10.0.14393.1198)

CPU:total 8 (4 cores per cpu, 2 threads per core) family 6 model 94 stepping 3, cmov, cx8, fxsr, mmx, sse, sse2, sse3, ssse3, sse4.1, sse4.2, popcnt, avx, avx2, aes, clmul, erms, rtm, 3dnowpref, lzcnt, ht, tsc, tscinvbit, bmi1, bmi2, adx

Memory: 4k page, physical 8253468k(3317504k free), swap 23783448k(5124k free)

vm_info: Java HotSpot(TM) 64-Bit Server VM (25.101-b13) for windows-amd64 JRE (1.8.0_101-b13), built on Jun 22 2016 01:21:29 by "java_re" with MS VC++ 10.0 (VS2010)

time: Thu Jun 01 16:18:35 2017
elapsed time: 3 seconds (0d 0h 0m 3s)

